::ffff:127.0.0.1 - - [24/Jan/2017:12:57:51 +0000] "POST /api/users HTTP/1.1" 400 464 "-" "Mozilla/5.0 (X11; Linux x86_64) AppleWebKit/537.36 (KHTML, like Gecko) Chrome/55.0.2883.87 Safari/537.36"
[object Object]
[object Object]
{}
req {}
POST - /api/users - 400, -, -, request {} 19
POST - /api/users - 400, -, -, request {} 7
POST - /api/users - 400, -, {} 17ms
POST - /api/users - 400, -, {} 13ms
POST - /api/users - 400, -, {} 4ms
POST - /api/users - 201, -, {"name":"damian","password":"123"} 14ms
POST - /api/users - 403, -, {"name":"damian","password":"123"} 3ms
POST - /api/authenticate - 200, -, {"name":"damian","password":"123"} 26ms
GET - /api/users - 403, -, {} 1ms
GET - /api/users - 200, -, {} 9ms
GET - /api/users - 200, -, {} 22ms
GET - /api/users - 200, -, {} 3ms
POST - /api/users - 403, -, {"name":"damian","password":"123"} 24ms
GET - /api/users - 200, -, {} 25ms
POST - /api/users - 201, -, {"name":"damian1","password":"123"} 275ms
GET - /api/partidas - 200, -, {} 33ms
POST - /api/partidas - 500, -, {"name":"test"} 33ms
POST - /api/partidas - 500, -, {"name":"test"} 30ms
POST - /api/partidas - 400, -, {"name":"test"} 39ms
POST - /api/partidas - 201, -, {"name":"test"} 46ms
POST - /api/partidas - 200, -, {"name":"test"} 32ms
POST - /api/authenticate - 200, -, {"name":"damian","password":"123"} 96ms
GET - /api/users - 200, -, {} 11ms
POST - /api/users - 500, -, {"name":"damian1","password":"123"} 4ms
POST - /api/users - 201, -, {"name":"damian1","password":"123"} 51ms
GET - /api/users - 200, -, {} 19ms
GET - /api/partidas - 200, -, {} 7ms
POST - /api/partidas - 201, -, {"name":"test"} 12ms
GET - /api/partidas/5888c5992127aa4800e3cb63/users - 200, -, {} 5ms
GET - /api/partidas - 200, -, {} 3ms
POST - /api/partidas - 201, -, {"name":"test"} 51ms
POST - /api/partidas - 201, -, {"name":"test"} 8ms
POST - /api/partidas - 201, -, {"name":"test"} 54ms
POST - /api/partidas - 500, -, {"name":"test"} 36ms
POST - /api/partidas - 400, -, {"name":"test"} 36ms
POST - /api/partidas - 400, -, {"name":"test"} 39ms
POST - /api/partidas - 201, -, {"name":"test"} 62ms
POST - /api/partidas - 400, -, {"name":"test"} 35ms
POST - /api/partidas - 400, -, {"name":"test"} 32ms
POST - /api/partidas - 400, -, {"name":"test"} 29ms
POST - /api/partidas - 201, -, {"name":"test"} 52ms
POST - /api/partidas - 400, -, {"name1":"test"} 10ms
POST - /api/partidas - 201, -, {"name":"test"} 5ms
GET - /api/partidas - 200, -, {} 34ms
GET - /api/partidas - 200, -, {} 35ms
GET - /api/partidas - 200, -, {} 33ms
POST - /api/users - 500, -, {"name":"damian1","password":"123"} 25ms
POST - /api/users - 400, -, {"name":"damian1","password":"123"} 43ms
POST - /api/users - 201, -, {"name":"damian1","password":"123"} 51ms
GET - /api/users - 200, -, {} 25ms
GET - /api/users - 200, -, {} 9ms
POST - /api/users - 201, -, {"name":"damian1","password":"123"} 46ms
GET - /api/partidas - 200, -, {} 11ms
POST - /api/partidas - 201, -, {"name":"test"} 9ms
GET - /api/users - 200, -, {} 26ms
POST - /api/partidas/5888c5992127aa4800e3cb63/users - 500, -, {"id":"damian","password":"123"} 28ms
POST - /api/partidas/5888c5992127aa4800e3cb63/users - 400, -, {"id":"damian","password":"123"} 43ms
POST - /api/partidas/5888c5992127aa4800e3cb63/users - 400, -, {"id":"damian","password":"123"} 42ms
POST - /api/partidas/5888c5992127aa4800e3cb63/users - 400, -, {"id":"damian","password":"123"} 50ms
POST - /api/partidas/5888c5992127aa4800e3cb63/users - 400, -, {"id":"damian","password":"123"} 43ms
POST - /api/partidas/5888c5992127aa4800e3cb63/users - 400, -, {"id":"damian","password":"123"} 52ms
POST - /api/partidas/5888c5992127aa4800e3cb63/users - 400, -, {"id":"damian","password":"123"} 48ms
POST - /api/partidas/5888c5992127aa4800e3cb63/users - 400, -, {"id":"damian","password":"123"} 48ms
POST - /api/partidas/5888c5992127aa4800e3cb63/users - 400, -, {"id":"damian","password":"123"} 34ms
POST - /api/partidas/5888c5992127aa4800e3cb63/users - 400, -, {"id":"damian","password":"123"} 49ms
POST - /api/partidas/5888c5992127aa4800e3cb63/users - 400, -, {"id":"58875363d2d47d23bc53eedb"} 10ms
POST - /api/partidas/5888c5992127aa4800e3cb63/users - 400, -, {"id":"58875363d2d47d23bc53eedb"} 40ms
GET - /api/partidas - 200, -, {} 28ms
POST - /api/partidas/5888c5992127aa4800e3cb63/users - 200, -, {"id":"58875363d2d47d23bc53eedb"} 64ms
GET - /api/partidas/5888c5992127aa4800e3cb63 - 200, -, {} 7ms
GET - /api/partidas/5888c5992127aa4800e3cb63 - 200, -, {} 3ms
GET - /api/partidas/5888c5992127aa4800e3cb63 - 200, -, {} 28ms
GET - /api/partidas/5888c5992127aa4800e3cb63 - 200, -, {} 6ms
GET - /api/partidas/5888c5992127aa4800e3cb63 - 200, -, {} 26ms
GET - /api/partidas/5888c5992127aa4800e3cb63 - 200, -, {} 81ms
GET - /api/partidas/5888c5992127aa4800e3cb63 - 200, -, {} 33ms
GET - /api/partidas/5888c5992127aa4800e3cb63 - 200, -, {} 39ms
GET - /api/partidas/5888c5992127aa4800e3cb63 - 200, -, {} 44ms
GET - /api/partidas/5888c5992127aa4800e3cb63 - 200, -, {} 41ms
GET - /api/partidas/5888c5992127aa4800e3cb63 - 200, -, {} 9ms
GET - /api/partidas/5888c5992127aa4800e3cb63 - 200, -, {} 41ms
GET - /api/partidas/5888c5992127aa4800e3cb63/users - 200, -, {} 7ms
GET - /api/partidas/5888c5992127aa4800e3cb63/users - 200, -, {} 5ms
GET - /api/partidas/5888c5992127aa4800e3cb63/users - 200, -, {} 3ms
GET - /api/partidas/5888c5992127aa4800e3cb63 - 200, -, {} 6ms
GET - /api/partidas/5888c5992127aa4800e3cb63/users - 200, -, {} 38ms
GET - /api/partidas/5888c5992127aa4800e3cb63/users - 200, -, {} 153ms
GET - /api/partidas/5888c5992127aa4800e3cb63 - 200, -, {} 14ms
GET - /api/partidas/5888c5992127aa4800e3cb63/users - 200, -, {} 35ms
GET - /api/partidas/5888c5992127aa4800e3cb63/ - 200, -, {} 15ms
GET - /api/partidas/5888c5992127aa4800e3cb63/ - 200, -, {} 45ms
GET - /api/partidas/5888c5992127aa4800e3cb63/ - 404, -, {} 124ms
GET - /api/partidas/5888c5992127aa4800e3cb63/ - 200, -, {} 39ms
GET - /api/partidas/5888c5992127aa4800e3cb63/ - 404, -, {} 28ms
GET - /api/partidas/5888c5992127aa4800e3cb63/ - 500, -, {} 36ms
GET - /api/partidas/5888c5992127aa4800e3cb63/ - 200, -, {} 39ms
GET - /api/partidas/5888c5992127aa4800e3cb63/ - 200, -, {} 39ms
GET - /api/partidas/5888c5992127aa4800e3cb63/ - 200, -, {} 45ms
GET - /api/partidas/5888c5992127aa4800e3cb63/ - 200, -, {} 43ms
GET - /api/partidas/5888c5992127aa4800e3cb63/ - 200, -, {} 44ms
GET - /api/partidas/5888c5992127aa4800e3cb63/ - 200, -, {} 8ms
GET - /api/partidas/5888c5992127aa4800e3cb63/ - 200, -, {} 5ms
GET - /api/partidas/5888c5992127aa4800e3cb63/ - 200, -, {} 7ms
GET - /api/partidas/5888c5992127aa4800e3cb63/ - 200, -, {} 6ms
GET - /api/users - 200, -, {} 4ms
GET - /api/users - 500, -, {} 18ms
GET - /api/users - 200, -, {} 37ms
GET - /api/users - 500, -, {} 12ms
GET - /api/users - 500, -, {} 9ms
GET - /api/users - 500, -, {} 10ms
GET - /api/users - 500, -, {} 2ms
GET - /api/users - 200, -, {} 22ms
GET - /api/users - 200, -, {} 22ms
GET - /api/users - 200, -, {} 8ms
GET - /api/users - 200, -, {} 6ms
GET - /api/users - 200, -, {} 5ms
GET - /api/users - 200, -, {} 4ms
GET - /api/users - 200, -, {} 20ms
GET - /api/users - 200, -, {} 8ms
GET - /api/users - 200, -, {} 25ms
GET - /api/users - 200, -, {} 23ms
GET - /api/users - 500, -, {} 21ms
GET - /api/users - 500, -, {} 15ms
GET - /api/users - 500, -, {} 20ms
GET - /api/users - 200, -, {} 37ms
GET - /api/users - 200, -, {} 9ms
GET - /api/users - 200, -, {} 6ms
GET - /api/users - 200, -, {} 15ms
GET - /api/users - 200, -, {} 6ms
GET - /api/users - 200, -, {} 8ms
GET - /api/users - 200, -, {} 6ms
GET - /api/users - 200, -, {} 6ms
GET - /api/users - 200, -, {} 4ms
GET - /api/users - 200, -, {} 11ms
GET - /api/users - 200, -, {} 4ms
GET - /api/users - 200, -, {} 8ms
GET - /api/users - 200, -, {} 5ms
GET - /api/users - 200, -, {} 7ms
GET - /api/users - 200, -, {} 5ms
GET - /api/users - 200, -, {} 5ms
GET - /api/users - 200, -, {} 6ms
GET - /api/users - 200, -, {} 8ms
GET - /api/users - 200, -, {} 5ms
GET - /api/users - 200, -, {} 4ms
GET - /api/users - 200, -, {} 6ms
GET - /api/users - 200, -, {} 13ms
GET - /api/users - 200, -, {} 30ms
GET - /api/users - 200, -, {} 29ms
GET - /api/users - 200, -, {} 6ms
GET - /api/users - 200, -, {} 13ms
GET - /api/users - 200, -, {} 5ms
GET - /api/users - 200, -, {} 4ms
GET - /api/users - 200, -, {} 4ms
GET - /api/users - 200, -, {} 4ms
GET - /api/users - 200, -, {} 6ms
GET - /api/users - 200, -, {} 5ms
GET - /api/users - 200, -, {} 5ms
GET - /api/users - 200, -, {} 7ms
GET - /api/users - 200, -, {} 8ms
GET - /api/users - 200, -, {} 11ms
POST - /api/partidas - 500, -, {"name":"test"} 268ms
POST - /api/partidas - 500, -, {"name":"test"} 36ms
POST - /api/partidas - 500, -, {"name":"test"} 36ms
POST - /api/partidas - 500, -, {"name":"test"} 46ms
POST - /api/partidas - 500, -, {"name":"test"} 42ms
POST - /api/partidas - 500, -, {"name":"test"} 40ms
POST - /api/partidas - 500, -, {"name":"test"} 36ms
POST - /api/partidas - 500, -, {"name":"test"} 40ms
POST - /api/partidas - 500, -, {"name":"test"} 39ms
POST - /api/partidas - 201, -, {"name":"test"} 60ms
POST - /api/partidas - 500, -, {"name":"test"} 42ms
POST - /api/partidas - 201, -, {"name":"test"} 61ms
POST - /api/partidas - 201, -, {"name":"test"} 59ms
POST - /api/partidas - 201, -, {"name":"test"} 67ms
POST - /api/partidas - 201, -, {"name":"test"} 10ms
POST - /api/partidas - 201, -, {"name":"test"} 9ms
POST - /api/partidas - 201, -, {"name":"test"} 6ms
POST - /api/partidas - 201, -, {"name":"test"} 6ms
OPTIONS - /apiauthenticate - 204, -, {} 4ms
POST - /apiauthenticate - 404, -, {"nick_name":"admin","password":"admin"} 23ms
OPTIONS - /apiauthenticate - 204, -, {} 1ms
POST - /apiauthenticate - 404, -, {"nick_name":"admin","password":"admin"} 2ms
OPTIONS - /api/authenticate - 204, -, {} 1ms
POST - /api/authenticate - 200, -, {"nick_name":"admin","password":"admin"} 220ms
OPTIONS - /api/authenticate - 204, -, {} 3ms
OPTIONS - /api/authenticate - 204, -, {} 4ms
OPTIONS - /api/authenticate - 204, -, {} 3ms
OPTIONS - /api/authenticate - 204, -, {} 3ms
POST - /api/authenticate - 401, -, {"nick_name":"admin","password":"admin"} 52ms
OPTIONS - /api/authenticate - 204, -, {} 1ms
POST - /api/authenticate - 401, -, {"nick_name":"admin","password":"admin"} 9ms
OPTIONS - /api/authenticate - 204, -, {} 1ms
POST - /api/authenticate - 401, -, {"nick_name":"admin","password":"admin"} 3ms
OPTIONS - /api/authenticate - 204, -, {} 0ms
POST - /api/authenticate - 401, -, {"nick_name":"admin","password":"admin"} 2ms
OPTIONS - /api/authenticate - 204, -, {} 0ms
POST - /api/authenticate - 401, -, {"nick_name":"admin","password":"admin"} 3ms
OPTIONS - /api/authenticate - 204, -, {} 0ms
POST - /api/authenticate - 401, -, {"nick_name":"admin","password":"admin"} 2ms
OPTIONS - /api/authenticate - 204, -, {} 0ms
POST - /api/authenticate - 401, -, {"nick_name":"dami","password":"123"} 3ms
OPTIONS - /api/authenticate - 204, -, {} 0ms
POST - /api/authenticate - 401, -, {"nick_name":"dami","password":"123456"} 3ms
OPTIONS - /api/authenticate - 204, -, {} 0ms
POST - /api/authenticate - 401, -, {"nick_name":"admin","password":"123456"} 5ms
OPTIONS - /api/authenticate - 204, -, {} 1ms
POST - /api/authenticate - 401, -, {"nick_name":"damian","password":"123"} 3ms
OPTIONS - /api/authenticate - 204, -, {} 0ms
POST - /api/authenticate - 401, -, {"nick_name":"damian","password":"123"} 1ms
OPTIONS - /api/authenticate - 204, -, {} 0ms
POST - /api/authenticate - 401, -, {"nick_name":"damian","password":"123"} 1ms
POST - /api/authenticate - 200, -, {"name":"damian","password":"123"} 10ms
OPTIONS - /api/authenticate - 204, -, {} 0ms
POST - /api/authenticate - 401, -, {"nick_name":"damian","password":"123"} 1ms
OPTIONS - /api/authenticate - 204, -, {} 0ms
POST - /api/authenticate - 200, -, {"name":"damian","password":"123"} 5ms
OPTIONS - /api/users - 204, -, {} 0ms
GET - /api/users - 403, -, {} 0ms
GET - /api/users - 403, -, {} 0ms
GET - /favicon.ico - 404, -, {} 4ms
GET - /api/users - 403, -, {} 0ms
OPTIONS - /api/authenticate - 204, -, {} 0ms
POST - /api/authenticate - 200, -, {"name":"damian","password":"123"} 6ms
OPTIONS - /api/users - 204, -, {} 6ms
GET - /api/users - 403, -, {} 5ms
OPTIONS - /api/authenticate - 204, -, {} 1ms
POST - /api/authenticate - 200, -, {"name":"damian","password":"123"} 46ms
OPTIONS - /api/users - 204, -, {} 1ms
GET - /api/users - 403, -, {} 0ms
OPTIONS - /api/authenticate - 204, -, {} 4ms
POST - /api/authenticate - 401, -, {"name":"admin","password":"admin"} 42ms
OPTIONS - /api/authenticate - 204, -, {} 1ms
POST - /api/authenticate - 200, -, {"name":"damian","password":"123"} 13ms
OPTIONS - /api/users - 204, -, {} 0ms
GET - /api/users - 403, -, {} 1ms
OPTIONS - /api/authenticate - 204, -, {} 5ms
POST - /api/authenticate - 200, -, {"name":"damian","password":"123"} 67ms
OPTIONS - /api/users - 204, -, {} 1ms
GET - /api/users - 500, -, {} 15ms
OPTIONS - /api/authenticate - 204, -, {} 2ms
POST - /api/authenticate - 200, -, {"name":"damian","password":"123"} 70ms
OPTIONS - /api/users - 204, -, {} 1ms
GET - /api/users - 200, -, {} 63ms
OPTIONS - /api/users/58875363d2d47d23bc53eedb - 204, -, {} 0ms
GET - /api/users/58875363d2d47d23bc53eedb - 200, -, {} 31ms
OPTIONS - /api/users - 204, -, {} 1ms
GET - /api/users - 200, -, {} 7ms
OPTIONS - /api/authenticate - 204, -, {} 0ms
POST - /api/authenticate - 200, -, {"name":"damian","password":"123"} 3ms
OPTIONS - /api/users - 204, -, {} 0ms
GET - /api/users - 200, -, {} 4ms
OPTIONS - /api/authenticate - 204, -, {} 0ms
POST - /api/authenticate - 200, -, {"name":"damian","password":"123"} 2ms
OPTIONS - /api/users - 204, -, {} 0ms
GET - /api/users - 200, -, {} 5ms
OPTIONS - /api/users - 204, -, {} 0ms
GET - /api/users - 200, -, {} 8ms
GET - /api/users - 200, -, {} 4ms
POST - /api/users - 403, -, {"name":"damian1","password":"123"} 29ms
POST - /api/users - 403, -, {"name":"damian1","password":"123"} 30ms
POST - /api/users - 403, -, {"name":"damian1","password":"123"} 3ms
POST - /api/users - 201, -, {"name":"damian1","password":"123"} 664ms
GET - /api/users - 403, -, {} 11ms
POST - /api/authenticate - 401, -, {"name":"damian","password":"123"} 119ms
GET - /api/users - 200, -, {} 29ms
POST - /api/users - 201, -, {"name":"damian","password":"123"} 47ms
GET - /api/users - 200, -, {} 7ms
POST - /api/authenticate - 200, -, {"name":"damian","password":"123"} 21ms
POST - /api/authenticate - 200, -, {"name":"damian","password":"123"} 38ms
GET - /api/users - 200, -, {} 11ms
GET - /api/users - 200, -, {} 26ms
GET - /api/users - 200, -, {} 14ms
GET - /api/users - 200, -, {} 4ms
GET - /api/users - 403, -, {} 30ms
OPTIONS - /api/authenticate - 204, -, {} 1ms
POST - /api/authenticate - 401, -, {"name":"admin","password":"admin"} 47ms
OPTIONS - /api/authenticate - 204, -, {} 1ms
POST - /api/authenticate - 200, -, {"name":"damian","password":"123"} 13ms
OPTIONS - /api/users - 204, -, {} 0ms
GET - /api/users - 200, -, {} 19ms
GET - /api/users - 403, -, {} 1ms
OPTIONS - /api/authenticate - 204, -, {} 1ms
POST - /api/authenticate - 200, -, {"name":"damian","password":"123"} 7ms
GET - /api/users - 403, -, {} 6ms
GET - /api/users - 200, -, {} 29ms
POST - /api/users - 201, -, {"name":"damian","password":"123"} 43ms
GET - /api/slack/url - 404, -, {} 3ms
GET - /api/slack/url - 404, -, {} 10ms
GET - /api/slack/url - 500, -, {} 12ms
GET - /api/slack/url - 200, -, {} 13ms
GET - /api/slack/url - 200, -, {} 14ms
GET - /api/slack - 403, -, {} 2ms
OPTIONS - /api/authenticate - 204, -, {} 1ms
POST - /api/authenticate - 200, -, {"name":"damian","password":"123"} 59ms
OPTIONS - /api/slack - 204, -, {} 0ms
GET - /api/slack - 404, -, {} 5ms
OPTIONS - /api/authenticate - 204, -, {} 0ms
POST - /api/authenticate - 200, -, {"name":"damian","password":"123"} 7ms
OPTIONS - /api/slack/url - 204, -, {} 0ms
GET - /api/slack/url - 200, -, {} 2ms
GET - /api/slack/url - 403, -, {} 1ms
OPTIONS - /api/authenticate - 204, -, {} 0ms
POST - /api/authenticate - 200, -, {"name":"damian","password":"123"} 3ms
OPTIONS - /api/users - 204, -, {} 0ms
GET - /api/users - 200, -, {} 14ms
OPTIONS - /api/slack/url - 204, -, {} 0ms
GET - /api/slack/url - 200, -, {} 3ms
GET - /api/slack/url - 403, -, {} 1ms
OPTIONS - /api/authenticate - 204, -, {} 0ms
POST - /api/authenticate - 200, -, {"name":"damian","password":"123"} 3ms
OPTIONS - /api/slack/url - 204, -, {} 0ms
GET - /api/slack/url - 200, -, {} 1ms
OPTIONS - /api/authenticate - 204, -, {} 0ms
POST - /api/authenticate - 200, -, {"name":"damian","password":"123"} 2ms
OPTIONS - /api/slack/url - 204, -, {} 0ms
GET - /api/slack/url - 200, -, {} 1ms
GET - /api/slack/url - 403, -, {} 1ms
OPTIONS - /api/authenticate - 204, -, {} 0ms
POST - /api/authenticate - 200, -, {"name":"damian","password":"123"} 4ms
OPTIONS - /api/slack/url - 204, -, {} 0ms
GET - /api/slack/url - 200, -, {} 2ms
GET - /api/slack/url - 403, -, {} 1ms
OPTIONS - /api/authenticate - 204, -, {} 0ms
POST - /api/authenticate - 200, -, {"name":"damian","password":"123"} 2ms
OPTIONS - /api/slack/url - 204, -, {} 0ms
GET - /api/slack/url - 200, -, {} 1ms
OPTIONS - /api/authenticate - 204, -, {} 0ms
POST - /api/authenticate - 200, -, {"name":"damian","password":"123"} 2ms
OPTIONS - /api/slack/url - 204, -, {} 0ms
GET - /api/slack/url - 200, -, {} 1ms
GET - /api/users - 403, -, {} 0ms
OPTIONS - /api/authenticate - 204, -, {} 0ms
POST - /api/authenticate - 200, -, {"name":"damian","password":"123"} 1ms
OPTIONS - /api/slack/url - 204, -, {} 0ms
GET - /api/slack/url - 200, -, {} 1ms
GET - /api/slack/url - 403, -, {} 0ms
GET - /api/slack/url - 403, -, {} 0ms
OPTIONS - /api/authenticate - 204, -, {} 0ms
POST - /api/authenticate - 200, -, {"name":"damian","password":"123"} 2ms
OPTIONS - /api/slack/url - 204, -, {} 0ms
GET - /api/slack/url - 200, -, {} 3ms
GET - /api/slack/url - 403, -, {} 0ms
OPTIONS - /api/authenticate - 204, -, {} 0ms
POST - /api/authenticate - 200, -, {"name":"damian","password":"123"} 2ms
OPTIONS - /api/slack/url - 204, -, {} 0ms
GET - /api/slack/url - 200, -, {} 5ms
GET - /api/slack/url - 403, -, {} 1ms
OPTIONS - /api/authenticate - 204, -, {} 0ms
POST - /api/authenticate - 200, -, {"name":"damian","password":"123"} 20ms
OPTIONS - /api/slack/url - 204, -, {} 0ms
GET - /api/slack/url - 200, -, {} 2ms
GET - /api/slack/url - 403, -, {} 1ms
OPTIONS - /api/authenticate - 204, -, {} 0ms
POST - /api/authenticate - 200, -, {"name":"damian","password":"123"} 2ms
OPTIONS - /api/slack/url - 204, -, {} 0ms
GET - /api/slack/url - 200, -, {} 1ms
OPTIONS - /api/slack/url - 204, -, {} 0ms
GET - /api/slack/url - 200, -, {} 1ms
OPTIONS - /api/slack - 204, -, {} 6ms
OPTIONS - /api/slack/url - 204, -, {} 1ms
GET - /api/slack/url - 200, -, {} 9ms
OPTIONS - /api/authenticate - 204, -, {} 2ms
POST - /api/authenticate - 200, -, {"name":"damian","password":"123"} 49ms
OPTIONS - /api/slack - 204, -, {} 1ms
OPTIONS - /api/slack/url - 204, -, {} 0ms
GET - /api/slack/url - 200, -, {} 8ms
OPTIONS - /api/authenticate - 204, -, {} 4ms
POST - /api/authenticate - 200, -, {"name":"damian","password":"123"} 56ms
OPTIONS - /api/slack - 204, -, {} 1ms
OPTIONS - /api/slack/url - 204, -, {} 0ms
POST - /api/slack - 500, -, {"code":{}} 67ms
GET - /api/slack/url - 200, -, {} 7ms
OPTIONS - /api/authenticate - 204, -, {} 2ms
POST - /api/authenticate - 200, -, {"name":"damian","password":"123"} 49ms
OPTIONS - /api/slack - 204, -, {} 1ms
OPTIONS - /api/slack/url - 204, -, {} 0ms
GET - /api/slack/url - 200, -, {} 13ms
POST - /api/slack - 500, -, {"code":{}} 396ms
OPTIONS - /api/authenticate - 204, -, {} 1ms
POST - /api/authenticate - 200, -, {"name":"damian","password":"123"} 9ms
OPTIONS - /api/slack/url - 204, -, {} 0ms
GET - /api/slack/url - 200, -, {} 2ms
OPTIONS - /api/slack/url - 204, -, {} 0ms
GET - /api/slack/url - 200, -, {} 4ms
OPTIONS - /api/slack/url - 204, -, {} 0ms
GET - /api/slack/url - 200, -, {} 1ms
OPTIONS - /api/slack/url - 204, -, {} 0ms
GET - /api/slack/url - 200, -, {} 2ms
OPTIONS - /api/slack - 204, -, {} 0ms
OPTIONS - /api/slack/url - 204, -, {} 0ms
GET - /api/slack/url - 200, -, {} 1ms
POST - /api/slack - 500, -, {"code":"125452612967.136382373905.c9a243ebdd"} 575ms
OPTIONS - /api/authenticate - 204, -, {} 3ms
POST - /api/authenticate - 200, -, {"name":"damian","password":"123"} 48ms
OPTIONS - /api/slack/url - 204, -, {} 2ms
GET - /api/slack/url - 200, -, {} 9ms
OPTIONS - /api/authenticate - 204, -, {} 0ms
POST - /api/authenticate - 200, -, {"name":"damian","password":"123"} 9ms
OPTIONS - /api/slack/url - 204, -, {} 0ms
GET - /api/slack/url - 200, -, {} 2ms
OPTIONS - /api/slack - 204, -, {} 0ms
OPTIONS - /api/slack/url - 204, -, {} 1ms
GET - /api/slack/url - 200, -, {} 4ms
POST - /api/slack - 500, -, {"code":"125452612967.136433788608.d335665be5"} 485ms
OPTIONS - /api/authenticate - 204, -, {} 5ms
POST - /api/authenticate - 200, -, {"name":"damian","password":"123"} 65ms
OPTIONS - /api/slack/url - 204, -, {} 1ms
GET - /api/slack/url - 200, -, {} 15ms
OPTIONS - /api/slack - 204, -, {} 0ms
OPTIONS - /api/slack/url - 204, -, {} 0ms
GET - /api/slack/url - 200, -, {} 2ms
POST - /api/slack - -, -, {"code":"125452612967.137218863044.23b03f7d49"} -ms
POST - /api/slack - 500, -, {"code":"125452612967.137218863044.23b03f7d49"} 388ms
OPTIONS - /api/authenticate - 204, -, {} 4ms
POST - /api/authenticate - 200, -, {"name":"damian","password":"123"} 65ms
OPTIONS - /api/slack/url - 204, -, {} 1ms
GET - /api/slack/url - 200, -, {} 14ms
OPTIONS - /api/slack - 204, -, {} 1ms
OPTIONS - /api/slack/url - 204, -, {} 0ms
GET - /api/slack/url - 200, -, {} 3ms
OPTIONS - /api/slack - 204, -, {} 5ms
OPTIONS - /api/slack/url - 204, -, {} 0ms
GET - /api/slack/url - 200, -, {} 9ms
POST - /api/slack - 201, -, {"code":"125452612967.137821248838.3d54c9a0b2"} 979ms
OPTIONS - /api/slack - 204, -, {} 6ms
OPTIONS - /api/slack/url - 204, -, {} 0ms
GET - /api/slack/url - 200, -, {} 7ms
POST - /api/slack - 500, -, {"code":"125452612967.137821248838.3d54c9a0b2"} 868ms
OPTIONS - /api/authenticate - 204, -, {} 0ms
POST - /api/authenticate - 200, -, {"name":"damian","password":"123"} 33ms
OPTIONS - /api/slack/url - 204, -, {} 0ms
GET - /api/slack/url - 200, -, {} 3ms
OPTIONS - /api/users - 204, -, {} 4ms
GET - /api/users - 200, -, {} 51ms
OPTIONS - /api/slack/url - 204, -, {} 1ms
GET - /api/slack/url - 200, -, {} 12ms
OPTIONS - /api/users - 204, -, {} 3ms
GET - /api/users - 200, -, {} 45ms
OPTIONS - /api/slack/url - 204, -, {} 1ms
GET - /api/slack/url - 200, -, {} 7ms
OPTIONS - /api/users - 204, -, {} 4ms
GET - /api/users - 200, -, {} 55ms
OPTIONS - /api/slack/url - 204, -, {} 1ms
GET - /api/slack/url - 200, -, {} 11ms
OPTIONS - /api/users - 204, -, {} 10ms
GET - /api/users - 200, -, {} 50ms
OPTIONS - /api/slack/url - 204, -, {} 0ms
GET - /api/slack/url - 200, -, {} 7ms
OPTIONS - /api/slack - 204, -, {} 1ms
OPTIONS - /api/slack/url - 204, -, {} 0ms
GET - /api/slack/url - 200, -, {} 3ms
OPTIONS - /api/slack - 204, -, {} 6ms
OPTIONS - /api/slack/url - 204, -, {} 1ms
GET - /api/slack/url - 200, -, {} 6ms
POST - /api/slack - 201, -, {"code":"125452612967.137232028645.d3c71d3cc8"} 1262ms
GET - /api/slack - 404, -, {} 3ms
GET - /api/slack - 200, -, {} 35ms
GET - /api/slack - 200, -, {} 31ms
GET - /api/slack - 200, -, {} 26ms
GET - /api/slack - 200, -, {} 6ms
POST - /api/users - 201, -, {"name":"damian","password":"123"} 47ms
POST - /api/users - 201, -, {"name":"damian","password":"123"} 15ms
POST - /api/users - 201, -, {"name":"damian","password":"123"} 54ms
POST - /api/users - 201, -, {"name":"damian","password":"123"} 7ms
POST - /api/users - 201, -, {"name":"damian","password":"123"} 6ms
POST - /api/users - 201, -, {"name":"damian","password":"123"} 712ms
POST - /api/users - 201, -, {"name":"damian","password":"123"} 576ms
POST - /api/users - 201, -, {"name":"damian","password":"123"} 5ms
POST - /api/users - 201, -, {"name":"damian","password":"123"} 798ms
POST - /api/users - 201, -, {"name":"damian","password":"123"} 3ms
POST - /api/users - 201, -, {"name":"damian","password":"123"} 5ms
GET - /api/users - 200, -, {} 113ms
POST - /api/users - 201, -, {"name":"damian","password":"123"} 170ms
POST - /api/users - 500, -, {"name":"damian","password":"123"} 282ms
POST - /api/users - 500, -, {"name":"damian","password":"123"} 9ms
OPTIONS - /api/slack - 204, -, {} 2ms
OPTIONS - /api/slack/url - 204, -, {} 0ms
GET - /api/slack/url - 200, -, {} 7ms
POST - /api/slack - 500, -, {"code":"125452612967.137232028645.d3c71d3cc8"} 824ms
OPTIONS - /api/authenticate - 204, -, {} 1ms
POST - /api/authenticate - 200, -, {"name":"damian","password":"123"} 167ms
OPTIONS - /api/users - 204, -, {} 1ms
GET - /api/users - 200, -, {} 18ms
OPTIONS - /api/slack/url - 204, -, {} 0ms
GET - /api/slack/url - 200, -, {} 1ms
OPTIONS - /api/slack - 204, -, {} 0ms
OPTIONS - /api/slack/url - 204, -, {} 0ms
GET - /api/slack/url - 200, -, {} 3ms
OPTIONS - /api/authenticate - 204, -, {} 5ms
POST - /api/authenticate - 200, -, {"name":"damian","password":"123"} 58ms
OPTIONS - /api/slack/url - 204, -, {} 0ms
GET - /api/slack/url - 200, -, {} 11ms
OPTIONS - /api/slack - 204, -, {} 0ms
OPTIONS - /api/slack/url - 204, -, {} 0ms
GET - /api/slack/url - 200, -, {} 3ms
GET - /api/users - 200, -, {} 79ms
OPTIONS - /api/slack - 204, -, {} 5ms
OPTIONS - /api/slack/url - 204, -, {} 3ms
GET - /api/slack/url - 200, -, {} 7ms
OPTIONS - /api/slack - 204, -, {} 8ms
OPTIONS - /api/slack/url - 204, -, {} 1ms
GET - /api/slack/url - 200, -, {} 7ms
GET - /api/users - 200, -, {} 197ms
OPTIONS - /api/slack - 204, -, {} 2ms
OPTIONS - /api/slack/url - 204, -, {} 1ms
GET - /api/slack/url - 200, -, {} 9ms
GET - /api/users - 200, -, {} 31ms
OPTIONS - /api/slack - 204, -, {} 3ms
OPTIONS - /api/slack/url - 204, -, {} 1ms
POST - /api/slack - 200, -, {"code":"125452612967.137826038118.2798dad695"} 28ms
GET - /api/slack/url - 200, -, {} 3ms
OPTIONS - /api/users - 204, -, {} 0ms
GET - /api/users - 200, -, {} 2ms
OPTIONS - /api/authenticate - 204, -, {} 0ms
POST - /api/authenticate - 200, -, {"name":"damian","password":"123"} 15ms
OPTIONS - /api/users - 204, -, {} 0ms
GET - /api/users - 200, -, {} 5ms
OPTIONS - /api/slack/url - 204, -, {} 0ms
GET - /api/slack/url - 200, -, {} 1ms
OPTIONS - /api/slack/url - 204, -, {} 0ms
GET - /api/slack/url - 200, -, {} 1ms
OPTIONS - /api/authenticate - 204, -, {} 0ms
POST - /api/authenticate - 200, -, {"name":"damian","password":"123"} 5ms
OPTIONS - /api/users - 204, -, {} 0ms
GET - /api/users - 200, -, {} 4ms
OPTIONS - /api/slack/url - 204, -, {} 0ms
GET - /api/slack/url - 200, -, {} 1ms
OPTIONS - /api/authenticate - 204, -, {} 0ms
POST - /api/authenticate - 200, -, {"name":"damian","password":"123"} 3ms
OPTIONS - /api/users - 204, -, {} 0ms
GET - /api/users - 200, -, {} 2ms
OPTIONS - /api/slack/url - 204, -, {} 0ms
GET - /api/slack/url - 200, -, {} 0ms
OPTIONS - /api/authenticate - 204, -, {} 0ms
POST - /api/authenticate - 200, -, {"name":"damian","password":"123"} 3ms
OPTIONS - /api/slack/url - 204, -, {} 0ms
GET - /api/slack/url - 200, -, {} 1ms
OPTIONS - /api/slack/url - 204, -, {} 0ms
GET - /api/slack/url - 200, -, {} 1ms
OPTIONS - /api/slack/url - 204, -, {} 0ms
GET - /api/slack/url - 200, -, {} 1ms
OPTIONS - /api/authenticate - 204, -, {} 0ms
POST - /api/authenticate - 200, -, {"name":"damian","password":"123"} 3ms
OPTIONS - /api/slack/url - 204, -, {} 0ms
GET - /api/slack/url - 200, -, {} 1ms
GET - /api/slack/url - 200, -, {} 13ms
GET - /api/slack/url - 200, -, {} 12ms
OPTIONS - /api/authenticate - 204, -, {} 1ms
POST - /api/authenticate - 200, -, {"name":"damian","password":"123"} 52ms
OPTIONS - /api/slack/url - 204, -, {} 1ms
GET - /api/slack/url - 200, -, {} 1ms
OPTIONS - /api/slack/url - 204, -, {} 0ms
GET - /api/slack/url - 200, -, {} 2ms
GET - /api/slack/url - 200, -, {} 2ms
OPTIONS - /api/slack/url - 204, -, {} 3ms
GET - /api/slack/url - 200, -, {} 7ms
OPTIONS - /api/slack/url - 204, -, {} 2ms
GET - /api/slack/url - 200, -, {} 13ms
GET - /api/slack/url - 200, -, {} 8ms
GET - /api/slack/url - 403, -, {} 1ms
GET - /api/slack/url - 200, -, {} 2ms
OPTIONS - /api/slack/url - 204, -, {} 4ms
GET - /api/slack/url - 500, -, {} 7ms
OPTIONS - /api/authenticate - 204, -, {} 1ms
POST - /api/authenticate - 200, -, {"name":"damian","password":"123"} 49ms
OPTIONS - /api/users - 204, -, {} 1ms
GET - /api/users - 200, -, {} 13ms
OPTIONS - /api/slack/url - 204, -, {} 0ms
GET - /api/slack/url - 500, -, {} 2ms
OPTIONS - /api/authenticate - 204, -, {} 0ms
POST - /api/authenticate - 200, -, {"name":"damian","password":"123"} 26ms
OPTIONS - /api/slack/url - 204, -, {} 0ms
GET - /api/slack/url - 500, -, {} 1ms
OPTIONS - /api/authenticate - 204, -, {} 0ms
POST - /api/authenticate - 200, -, {"name":"damian","password":"123"} 4ms
OPTIONS - /api/slack/url - 204, -, {} 0ms
GET - /api/slack/url - 500, -, {} 1ms
OPTIONS - /api/authenticate - 204, -, {} 0ms
POST - /api/authenticate - 200, -, {"name":"damian","password":"123"} 3ms
OPTIONS - /api/slack/url - 204, -, {} 1ms
GET - /api/slack/url - 500, -, {} 1ms
OPTIONS - /api/authenticate - 204, -, {} 0ms
POST - /api/authenticate - 200, -, {"name":"damian","password":"123"} 4ms
OPTIONS - /api/users - 204, -, {} 0ms
GET - /api/users - 200, -, {} 3ms
OPTIONS - /api/slack/url - 204, -, {} 0ms
GET - /api/slack/url - 500, -, {} 1ms
OPTIONS - /api/authenticate - 204, -, {} 0ms
POST - /api/authenticate - 200, -, {"name":"damian","password":"123"} 4ms
OPTIONS - /api/slack/url - 204, -, {} 0ms
GET - /api/slack/url - 500, -, {} 1ms
OPTIONS - /api/authenticate - 204, -, {} 0ms
POST - /api/authenticate - 200, -, {"name":"damian","password":"123"} 3ms
OPTIONS - /api/slack/url - 204, -, {} 0ms
GET - /api/slack/url - 500, -, {} 1ms
OPTIONS - /api/authenticate - 204, -, {} 0ms
POST - /api/authenticate - 200, -, {"name":"damian","password":"123"} 4ms
OPTIONS - /api/slack/url - 204, -, {} 0ms
GET - /api/slack/url - 500, -, {} 0ms
OPTIONS - /api/authenticate - 204, -, {} 0ms
POST - /api/authenticate - 200, -, {"name":"damian","password":"123"} 4ms
OPTIONS - /api/slack/url - 204, -, {} 0ms
GET - /api/slack/url - 200, -, {} 4ms
OPTIONS - /api/slack/url - 204, -, {} 0ms
GET - /api/slack/url - 200, -, {} 2ms
OPTIONS - /api/slack/url - 204, -, {} 0ms
GET - /api/slack/url - 200, -, {} 1ms
OPTIONS - /api/slack - 204, -, {} 0ms
POST - /api/slack - 404, -, {"code":"125452612967.137148071250.44f8abec21"} 1116ms
POST - /api/slack - 500, -, {"code":"125452612967.137148071250.44f8abec21"} 355ms
POST - /api/slack - 500, -, {"code":"125452612967.137148071250.44f8abec21"} 428ms
POST - /api/slack - 500, -, {"code":"125452612967.137148071250.44f8abec21"} 403ms
POST - /api/slack - 500, -, {"code":"125452612967.137148071250.44f8abec21"} 419ms
OPTIONS - /api/slack/url - 204, -, {} 1ms
GET - /api/slack/url - 200, -, {} 3ms
OPTIONS - /api/slack - 204, -, {} 1ms
POST - /api/slack - 500, -, {"code":"125452612967.137148071250.44f8abec21"} 448ms
OPTIONS - /api/slack/url - 204, -, {} 1ms
GET - /api/slack/url - 200, -, {} 5ms
OPTIONS - /api/slack - 204, -, {} 0ms
POST - /api/slack - 404, -, {"code":"125452612967.137236811381.1176d5620e"} 432ms
OPTIONS - /api/slack/url - 204, -, {} 4ms
GET - /api/slack/url - 200, -, {} 22ms
OPTIONS - /api/slack - 204, -, {} 1ms
POST - /api/slack - 201, -, {"code":"125452612967.137226960484.d6daa5c0de"} 1078ms
GET - /api/slack - 200, -, {} 6ms
GET - /api/slack - 200, -, {} 4ms
GET - /api/users - 200, -, {} 5ms
GET - /api/slack - 200, -, {} 2ms
GET - /api/users - 200, -, {} 3ms
GET - /api/users - 200, -, {} 47ms
POST - /api/users - 201, -, {"name":"damian","password":"123"} 357ms
OPTIONS - /api/authenticate - 204, -, {} 1ms
OPTIONS - /api/authenticate - 204, -, {} 0ms
POST - /api/authenticate - 200, -, {"name":"damian","password":"123"} 22ms
POST - /api/authenticate - 200, -, {"name":"damian","password":"123"} 330ms
OPTIONS - /api/users - 204, -, {} 0ms
GET - /api/users - 200, -, {} 3ms
OPTIONS - /api/slack/url - 204, -, {} 0ms
GET - /api/slack/url - 200, -, {} 53ms
OPTIONS - /api/slack - 204, -, {} 0ms
POST - /api/slack - 201, -, {"code":"125452612967.137148992674.dc79800075"} 6549ms
OPTIONS - /api/slack/url - 204, -, {} 0ms
GET - /api/slack/url - 200, -, {} 3ms
OPTIONS - /api/slack - 204, -, {} 0ms
POST - /api/slack - 201, -, {"code":"125452612967.137149034946.322db603af"} 2143ms
POST - /api/users - 201, -, {"name":"damian","password":"123"} 375ms
POST - /api/users - 201, -, {"name":"damian","password":"123"} 4ms
GET - /api/users - 200, -, {} 97ms
POST - /api/users - 201, -, {"name":"damian","password":"123"} 405ms
POST - /api/users - 201, -, {"name":"damian","password":"123"} 10ms
POST - /api/users - 201, -, {"name":"damian","password":"123"} 6ms
POST - /api/users - 201, -, {"name":"damian","password":"123"} 64ms
POST - /api/users - 400, -, {"name":"damian","password":"123"} 42ms
POST - /api/users - 201, -, {"name":"damian","password":"123"} 296ms
POST - /api/users - 400, -, {"name":"damian","password":"123"} 29ms
OPTIONS - /api/authenticate - 204, -, {} 3ms
POST - /api/authenticate - 200, -, {"name":"damian","password":"123"} 124ms
OPTIONS - /api/users - 204, -, {} 3ms
GET - /api/users - 200, -, {} 46ms
OPTIONS - /api/slack/url - 204, -, {} 0ms
GET - /api/slack/url - 200, -, {} 30ms
OPTIONS - /api/slack - 204, -, {} 0ms
OPTIONS - /api/slack/url - 204, -, {} 31ms
GET - /api/slack/url - 200, -, {} 80ms
OPTIONS - /api/slack - 204, -, {} 9ms
OPTIONS - /api/slack/url - 204, -, {} 14ms
GET - /api/slack/url - 200, -, {} 81ms
OPTIONS - /api/slack - 204, -, {} 5ms
POST - /api/users - 400, -, {"name":"damian","password":"123"} 240ms
GET - /api/users - 200, -, {} 49ms
GET - /api/slack - 200, -, {} 16ms
GET - /api/slack - 200, -, {} 4ms
OPTIONS - /api/slack/url - 204, -, {} 6ms
GET - /api/slack/url - 200, -, {} 19ms
OPTIONS - /api/slack - 204, -, {} 1ms
GET - /api/slack - 200, -, {} 34ms
GET - /api/slack - 200, -, {} 73ms
GET - /api/slack - 200, -, {} 7ms
OPTIONS - /api/slack/url - 204, -, {} 1ms
GET - /api/slack/url - 200, -, {} 7ms
OPTIONS - /api/slack - 204, -, {} 1ms
POST - /api/slack - 201, -, {"code":"125452612967.136471511825.a315c261da"} 746ms
GET - /api/slack - 200, -, {} 6ms
OPTIONS - /api/slack/url - 204, -, {} 0ms
GET - /api/slack/url - 200, -, {} 2ms
OPTIONS - /api/slack - 204, -, {} 0ms
POST - /api/slack - 400, -, {"code":"125452612967.136444777920.70d210bab9"} 442ms
